\BOOKMARK [0][-]{chapter.0}{\376\377\176\277\140\047\116\343\145\160\127\372\147\054\167\345\213\306}{}% 1
\BOOKMARK [1][-]{section.0.1}{\376\377\210\114\122\027\137\017}{chapter.0}% 2
\BOOKMARK [2][-]{subsection.0.1.1}{\376\377\210\114\122\027\137\017\166\204\133\232\116\111\116\016\213\241\173\227\145\271\154\325}{section.0.1}% 3
\BOOKMARK [2][-]{subsection.0.1.2}{\376\377\210\114\122\027\137\017\166\204\140\047\215\050}{section.0.1}% 4
\BOOKMARK [1][-]{section.0.2}{\376\377\167\351\226\065}{chapter.0}% 5
\BOOKMARK [2][-]{subsection.0.2.1}{\376\377\167\351\226\065\166\204\217\320\173\227\140\047\215\050}{section.0.2}% 6
\BOOKMARK [2][-]{subsection.0.2.2}{\376\377\167\351\226\065\166\204\220\006}{section.0.2}% 7
\BOOKMARK [2][-]{subsection.0.2.3}{\376\377\167\351\226\065\166\204\117\064\226\217}{section.0.2}% 8
\BOOKMARK [2][-]{subsection.0.2.4}{\376\377\122\035\173\111\167\351\226\065\116\016\122\035\173\111\123\330\143\142}{section.0.2}% 9
\BOOKMARK [2][-]{subsection.0.2.5}{\376\377\167\351\226\065\166\204\171\351}{section.0.2}% 10
\BOOKMARK [1][-]{section.0.3}{\376\377\167\351\226\065\166\204\171\351\060\001\124\021\221\317\176\304\060\001\176\277\140\047\145\271\172\013\176\304}{chapter.0}% 11
\BOOKMARK [2][-]{subsection.0.3.1}{\376\377\124\021\221\317\116\345\123\312\124\021\221\317\176\304}{section.0.3}% 12
\BOOKMARK [2][-]{subsection.0.3.2}{\376\377\145\271\172\013\176\304}{section.0.3}% 13
\BOOKMARK [1][-]{section.0.4}{\376\377\162\171\137\201\120\074\116\016\162\171\137\201\124\021\221\317\060\001\166\370\117\074\164\006\213\272}{chapter.0}% 14
\BOOKMARK [2][-]{subsection.0.4.1}{\376\377\162\171\137\201\120\074\116\016\162\171\137\201\124\021\221\317\166\204\133\232\116\111}{section.0.4}% 15
\BOOKMARK [2][-]{subsection.0.4.2}{\376\377\154\102\211\343\162\171\137\201\120\074\116\016\162\171\137\201\124\021\221\317\166\204\153\145\232\244}{section.0.4}% 16
\BOOKMARK [2][-]{subsection.0.4.3}{\376\377\162\171\137\201\120\074\060\001\162\171\137\201\124\021\221\317\166\204\140\047\215\050\116\016\221\315\211\201\176\323\213\272}{section.0.4}% 17
\BOOKMARK [2][-]{subsection.0.4.4}{\376\377\167\351\226\065\166\204\166\370\117\074\164\006\213\272}{section.0.4}% 18
\BOOKMARK [1][-]{section.0.5}{\376\377\176\323\213\355}{chapter.0}% 19
\BOOKMARK [0][-]{chapter.1}{\376\377\176\277\140\047\116\343\145\160\127\372\170\100}{}% 20
\BOOKMARK [1][-]{section.1.1}{\376\377\176\277\140\047\172\172\225\364\116\016\133\120\172\172\225\364}{chapter.1}% 21
\BOOKMARK [2][-]{subsection.1.1.1}{\376\377\176\277\140\047\172\172\225\364}{section.1.1}% 22
\BOOKMARK [2][-]{subsection.1.1.2}{\376\377\176\277\140\047\172\172\225\364\166\204\176\364\145\160}{section.1.1}% 23
\BOOKMARK [1][-]{section.1.2}{\376\377\172\172\225\364\122\006\211\343\116\016\176\364\145\160\133\232\164\006}{chapter.1}% 24
\BOOKMARK [0][-]{chapter.2}{\376\377\124\021\221\317\116\016\167\351\226\065\166\204\203\003\145\160}{}% 25
\BOOKMARK [1][-]{section.2.1}{\376\377\124\021\221\317\166\204\203\003\145\160}{chapter.2}% 26
\BOOKMARK [2][-]{subsection.2.1.1}{\376\377\203\003\145\160\166\204\166\364\211\302\141\037\123\327}{section.2.1}% 27
\BOOKMARK [2][-]{subsection.2.1.2}{\376\377\124\021\221\317\203\003\145\160\166\204\140\047\215\050}{section.2.1}% 28
\BOOKMARK [2][-]{subsection.2.1.3}{\376\377\133\371\124\021\221\317\203\003\145\160\116\011\131\047\140\047\215\050\166\204\164\006\211\343}{section.2.1}% 29
\BOOKMARK [2][-]{subsection.2.1.4}{\376\377\136\070\211\301\166\204\124\021\221\317\203\003\145\160}{section.2.1}% 30
\BOOKMARK [2][-]{subsection.2.1.5}{\376\377\124\021\221\317\000P\000-\203\003\145\160}{section.2.1}% 31
\BOOKMARK [2][-]{subsection.2.1.6}{\376\377\124\021\221\317\203\003\145\160\166\204\136\224\165\050}{section.2.1}% 32
\BOOKMARK [1][-]{section.2.2}{\376\377\167\351\226\065\166\204\203\003\145\160}{chapter.2}% 33
\BOOKMARK [2][-]{subsection.2.2.1}{\376\377\116\316\124\021\221\317\203\003\145\160\122\060\167\351\226\065\203\003\145\160}{section.2.2}% 34
\BOOKMARK [2][-]{subsection.2.2.2}{\376\377\136\070\211\301\166\204\167\351\226\065\203\003\145\160}{section.2.2}% 35
\BOOKMARK [2][-]{subsection.2.2.3}{\376\377\167\351\226\065\203\003\145\160\166\204\166\370\133\271}{section.2.2}% 36
\BOOKMARK [2][-]{subsection.2.2.4}{\376\377\136\070\211\301\167\351\226\065\203\003\145\160\166\204\166\370\133\271\140\047}{section.2.2}% 37
\BOOKMARK [2][-]{subsection.2.2.5}{\376\377\221\111\116\015\123\330\203\003\145\160}{section.2.2}% 38
\BOOKMARK [1][-]{section.2.3}{\376\377\173\227\133\120\203\003\145\160}{chapter.2}% 39
\BOOKMARK [2][-]{subsection.2.3.1}{\376\377\124\021\221\317\203\003\145\160\116\016\167\351\226\065\203\003\145\160\166\204\166\370\133\271\121\163\174\373}{section.2.3}% 40
\BOOKMARK [2][-]{subsection.2.3.2}{\376\377\173\227\133\120\203\003\145\160}{section.2.3}% 41
\BOOKMARK [2][-]{subsection.2.3.3}{\376\377\173\227\133\120\203\003\145\160\166\204\213\241\173\227}{section.2.3}% 42
\BOOKMARK [1][-]{section.2.4}{\376\377\221\111\116\015\123\330\203\003\145\160}{chapter.2}% 43
\BOOKMARK [1][-]{section.2.5}{\376\377\167\351\226\065\166\204\155\113\136\246}{chapter.2}% 44
\BOOKMARK [1][-]{section.2.6}{\376\377\203\003\145\160\166\204\136\224\165\050}{chapter.2}% 45
