\BOOKMARK [0][-]{chapter.1}{\376\377\176\277\140\047\116\343\145\160\127\372\170\100}{}% 1
\BOOKMARK [1][-]{section.1.1}{\376\377\176\277\140\047\172\172\225\364\116\016\133\120\172\172\225\364}{chapter.1}% 2
\BOOKMARK [2][-]{subsection.1.1.1}{\376\377\176\277\140\047\172\172\225\364}{section.1.1}% 3
\BOOKMARK [2][-]{subsection.1.1.2}{\376\377\176\277\140\047\172\172\225\364\166\204\176\364\145\160}{section.1.1}% 4
\BOOKMARK [1][-]{section.1.2}{\376\377\172\172\225\364\122\006\211\343\116\016\176\364\145\160\133\232\164\006}{chapter.1}% 5
\BOOKMARK [2][-]{subsection.1.2.1}{\376\377\172\172\225\364\166\204\124\214\116\016\176\364\145\160\133\232\164\006}{section.1.2}% 6
\BOOKMARK [1][-]{section.1.3}{\376\377\162\171\137\201\120\074\116\016\162\171\137\201\124\021\221\317}{chapter.1}% 7
\BOOKMARK [2][-]{subsection.1.3.1}{\376\377\121\205\133\271\126\336\230\176}{section.1.3}% 8
\BOOKMARK [2][-]{subsection.1.3.2}{\376\377\214\061\060\001\121\340\117\125\221\315\145\160\124\214\116\343\145\160\221\315\145\160}{section.1.3}% 9
\BOOKMARK [2][-]{subsection.1.3.3}{\376\377\133\371\211\322\123\026\116\016\000J\000o\000r\000d\000a\000n\150\007\121\306\127\213}{section.1.3}% 10
\BOOKMARK [2][-]{subsection.1.3.4}{\376\377\162\171\137\201\120\074\116\016\162\171\137\201\124\021\221\317\166\204\121\340\117\125\140\047\215\050}{section.1.3}% 11
\BOOKMARK [1][-]{section.1.4}{\376\377\122\035\173\111\167\351\226\065\060\001\221\111\167\351\226\065\124\214\221\111\123\330\143\142}{chapter.1}% 12
\BOOKMARK [2][-]{subsection.1.4.1}{\376\377\122\035\173\111\167\351\226\065\166\204\166\370\121\163\140\047\215\050}{section.1.4}% 13
\BOOKMARK [2][-]{subsection.1.4.2}{\376\377\122\035\173\111\116\013\116\011\211\322\226\065}{section.1.4}% 14
\BOOKMARK [2][-]{subsection.1.4.3}{\376\377\122\035\173\111\221\111\226\065\000\050\000H\000o\000u\000s\000e\000h\000o\000l\000d\000e\000r\123\330\143\142\000\051}{section.1.4}% 15
\BOOKMARK [1][-]{section.1.5}{\376\377\153\047\137\017\172\172\225\364\116\012\166\204\136\246\221\317}{chapter.1}% 16
\BOOKMARK [1][-]{section.1.6}{\376\377\221\111\172\172\225\364\166\204\122\006\211\343\116\016\142\225\137\161}{chapter.1}% 17
\BOOKMARK [2][-]{subsection.1.6.1}{\376\377\117\125\116\072\221\111\172\172\225\364\377\037}{section.1.6}% 18
\BOOKMARK [2][-]{subsection.1.6.2}{\376\377\117\125\116\072\142\225\137\161\377\037}{section.1.6}% 19
\BOOKMARK [2][-]{subsection.1.6.3}{\376\377\153\143\116\244\142\225\137\161}{section.1.6}% 20
