\BOOKMARK [0][-]{chapter.1}{\376\377\124\021\221\317\116\016\167\351\226\065\166\204\203\003\145\160}{}% 1
\BOOKMARK [1][-]{section.1.1}{\376\377\124\021\221\317\166\204\203\003\145\160}{chapter.1}% 2
\BOOKMARK [2][-]{subsection.1.1.1}{\376\377\203\003\145\160\166\204\166\364\211\302\141\037\123\327}{section.1.1}% 3
\BOOKMARK [2][-]{subsection.1.1.2}{\376\377\124\021\221\317\203\003\145\160\166\204\140\047\215\050}{section.1.1}% 4
\BOOKMARK [2][-]{subsection.1.1.3}{\376\377\133\371\124\021\221\317\203\003\145\160\116\011\131\047\140\047\215\050\166\204\164\006\211\343}{section.1.1}% 5
\BOOKMARK [2][-]{subsection.1.1.4}{\376\377\136\070\211\301\166\204\124\021\221\317\203\003\145\160}{section.1.1}% 6
\BOOKMARK [2][-]{subsection.1.1.5}{\376\377\124\021\221\317\000P\000-\203\003\145\160}{section.1.1}% 7
\BOOKMARK [2][-]{subsection.1.1.6}{\376\377\124\021\221\317\203\003\145\160\166\204\136\224\165\050}{section.1.1}% 8
\BOOKMARK [1][-]{section.1.2}{\376\377\167\351\226\065\166\204\203\003\145\160}{chapter.1}% 9
\BOOKMARK [2][-]{subsection.1.2.1}{\376\377\116\316\124\021\221\317\203\003\145\160\122\060\167\351\226\065\203\003\145\160}{section.1.2}% 10
\BOOKMARK [2][-]{subsection.1.2.2}{\376\377\136\070\211\301\166\204\167\351\226\065\203\003\145\160}{section.1.2}% 11
\BOOKMARK [2][-]{subsection.1.2.3}{\376\377\167\351\226\065\203\003\145\160\166\204\166\370\133\271}{section.1.2}% 12
\BOOKMARK [2][-]{subsection.1.2.4}{\376\377\136\070\211\301\167\351\226\065\203\003\145\160\166\204\166\370\133\271\140\047}{section.1.2}% 13
\BOOKMARK [2][-]{subsection.1.2.5}{\376\377\221\111\116\015\123\330\203\003\145\160}{section.1.2}% 14
\BOOKMARK [1][-]{section.1.3}{\376\377\173\227\133\120\203\003\145\160}{chapter.1}% 15
\BOOKMARK [2][-]{subsection.1.3.1}{\376\377\124\021\221\317\203\003\145\160\116\016\167\351\226\065\203\003\145\160\166\204\166\370\133\271\121\163\174\373}{section.1.3}% 16
\BOOKMARK [2][-]{subsection.1.3.2}{\376\377\173\227\133\120\203\003\145\160}{section.1.3}% 17
\BOOKMARK [2][-]{subsection.1.3.3}{\376\377\173\227\133\120\203\003\145\160\166\204\213\241\173\227}{section.1.3}% 18
\BOOKMARK [1][-]{section.1.4}{\376\377\221\111\116\015\123\330\203\003\145\160}{chapter.1}% 19
\BOOKMARK [1][-]{section.1.5}{\376\377\167\351\226\065\166\204\155\113\136\246}{chapter.1}% 20
\BOOKMARK [1][-]{section.1.6}{\376\377\203\003\145\160\166\204\136\224\165\050}{chapter.1}% 21
